INFO-FLOW: Workspace C:/Users/marti/Source/Repos/ElectronicDesignAutomation/AsignmentProj2/solution1 opened at Sat Mar 09 10:48:18 +0100 2019
Execute     config_clock -quiet -name default -period 10 -default=false 
INFO: [SYN 201-201] Setting up clock 'default' with a period of 10ns.
Execute     open_platform DefaultPlatform 
Execute     import_lib G:/Vivadoshizzle/Vivado/2018.3/common/technology/xilinx/azynq/azynq 
Execute       source G:/Vivadoshizzle/Vivado/2018.3/common/technology/xilinx/common/xilinx.lib 
Execute         source G:/Vivadoshizzle/Vivado/2018.3/common/technology/xilinx/interface/xilinx_interface.lib 
Execute           source G:/Vivadoshizzle/Vivado/2018.3/common/technology/xilinx/interface/plb46.lib 
Execute           source G:/Vivadoshizzle/Vivado/2018.3/common/technology/xilinx/interface/fsl.lib 
Execute           source G:/Vivadoshizzle/Vivado/2018.3/common/technology/xilinx/interface/axi4.lib 
Execute           source G:/Vivadoshizzle/Vivado/2018.3/common/technology/xilinx/interface/maxi.lib 
Execute           source G:/Vivadoshizzle/Vivado/2018.3/common/technology/xilinx/interface/saxilite.lib 
Execute         source G:/Vivadoshizzle/Vivado/2018.3/common/technology/xilinx/common/dsp48.lib 
Execute         source G:/Vivadoshizzle/Vivado/2018.3/common/technology/xilinx/ip/dds_compiler.lib 
Execute         source G:/Vivadoshizzle/Vivado/2018.3/common/technology/xilinx/ip/xfft.lib 
Execute         source G:/Vivadoshizzle/Vivado/2018.3/common/technology/xilinx/ip/xfir.lib 
Execute       source G:/Vivadoshizzle/Vivado/2018.3/common/technology/xilinx/common/xilinx_old.lib 
Execute       source G:/Vivadoshizzle/Vivado/2018.3/common/technology/xilinx/common/xilinx_vivado.lib 
Execute       source G:/Vivadoshizzle/Vivado/2018.3/common/technology/xilinx/common/xilinx.hlp 
Execute         source G:/Vivadoshizzle/Vivado/2018.3/common/technology/xilinx/common/target_info.tcl 
Execute         source G:/Vivadoshizzle/Vivado/2018.3/common/technology/xilinx/interface/xilinx_interface.hlp 
Execute           source G:/Vivadoshizzle/Vivado/2018.3/common/technology/xilinx/interface/maxi.hlp 
Execute           source G:/Vivadoshizzle/Vivado/2018.3/common/technology/xilinx/interface/saxilite.hlp 
Execute         source G:/Vivadoshizzle/Vivado/2018.3/common/technology/xilinx/common/dsp48.hlp 
Execute       source G:/Vivadoshizzle/Vivado/2018.3/common/technology/xilinx/azynq/dsp48e1.hlp 
Execute       get_default_platform 
Execute       config_chip_info -quiet -resource  {SLICE 13300}  {LUT 53200}     {FF 106400} {DSP48E 220}   {BRAM 280}  
Execute       config_chip_info -quiet -speed slow 
Execute       source G:/Vivadoshizzle/Vivado/2018.3/common/technology/xilinx/common/xilinx.hlp 
Execute         source G:/Vivadoshizzle/Vivado/2018.3/common/technology/xilinx/common/target_info.tcl 
Execute         source G:/Vivadoshizzle/Vivado/2018.3/common/technology/xilinx/interface/xilinx_interface.hlp 
Execute           source G:/Vivadoshizzle/Vivado/2018.3/common/technology/xilinx/interface/maxi.hlp 
Execute           source G:/Vivadoshizzle/Vivado/2018.3/common/technology/xilinx/interface/saxilite.hlp 
Execute         source G:/Vivadoshizzle/Vivado/2018.3/common/technology/xilinx/common/dsp48.hlp 
Execute     source G:/Vivadoshizzle/Vivado/2018.3/common/technology/xilinx/azynq/azynq.gen 
Execute       source G:/Vivadoshizzle/Vivado/2018.3/common/technology/xilinx/common/virtex.gen 
Execute         source G:/Vivadoshizzle/Vivado/2018.3/common/technology/xilinx/common/xilinx.gen 
Execute           source G:/Vivadoshizzle/Vivado/2018.3/common/technology/xilinx/interface/plb46.gen 
Execute           source G:/Vivadoshizzle/Vivado/2018.3/common/technology/xilinx/interface/fsl.gen 
Execute           source G:/Vivadoshizzle/Vivado/2018.3/common/technology/xilinx/interface/axi4.gen 
Execute           source G:/Vivadoshizzle/Vivado/2018.3/common/technology/xilinx/interface/nativeAXI4.gen 
Execute             source G:/Vivadoshizzle/Vivado/2018.3/common/technology/xilinx/interface/saxilite.gen 
Execute             source G:/Vivadoshizzle/Vivado/2018.3/common/technology/xilinx/interface/maxi.gen 
Execute           source G:/Vivadoshizzle/Vivado/2018.3/common/technology/xilinx/scripts/xilinxcoregen.gen 
Execute           source G:/Vivadoshizzle/Vivado/2018.3/common/technology/xilinx/interface/XilEDKCoreGen.gen 
Execute           source G:/Vivadoshizzle/Vivado/2018.3/common/technology/xilinx/ip/dds_compiler.gen 
Execute           source G:/Vivadoshizzle/Vivado/2018.3/common/technology/xilinx/ip/util.gen 
Execute           source G:/Vivadoshizzle/Vivado/2018.3/common/technology/xilinx/ip/xfft.gen 
Command           ap_source done; 0.105 sec.
Execute           source G:/Vivadoshizzle/Vivado/2018.3/common/technology/xilinx/ip/xfir.gen 
Command         ap_source done; 0.149 sec.
Execute         source G:/Vivadoshizzle/Vivado/2018.3/common/technology/xilinx/common/dsp48.gen 
Command       ap_source done; 0.152 sec.
Command     ap_source done; 0.152 sec.
Execute     open_platform DefaultPlatform 
Execute     import_lib G:/Vivadoshizzle/Vivado/2018.3/common/technology/xilinx/azynq/azynq_fpv6 
Execute       source G:/Vivadoshizzle/Vivado/2018.3/common/technology/xilinx/common/xilinx_fpv7.lib 
Execute         source G:/Vivadoshizzle/Vivado/2018.3/common/technology/xilinx/common/xilinx_hp.lib 
Execute       source G:/Vivadoshizzle/Vivado/2018.3/common/technology/xilinx/common/xilinx_fpv.hlp 
Execute         source G:/Vivadoshizzle/Vivado/2018.3/common/technology/xilinx/common/xilinx.hlp 
Execute           source G:/Vivadoshizzle/Vivado/2018.3/common/technology/xilinx/common/target_info.tcl 
Execute           source G:/Vivadoshizzle/Vivado/2018.3/common/technology/xilinx/interface/xilinx_interface.hlp 
Execute             source G:/Vivadoshizzle/Vivado/2018.3/common/technology/xilinx/interface/maxi.hlp 
Execute             source G:/Vivadoshizzle/Vivado/2018.3/common/technology/xilinx/interface/saxilite.hlp 
Execute           source G:/Vivadoshizzle/Vivado/2018.3/common/technology/xilinx/common/dsp48.hlp 
Execute       source G:/Vivadoshizzle/Vivado/2018.3/common/technology/xilinx/azynq/azynq_hp.hlp 
Execute     source G:/Vivadoshizzle/Vivado/2018.3/common/technology/xilinx/azynq/azynq_fpv6.gen 
Execute       source G:/Vivadoshizzle/Vivado/2018.3/common/technology/xilinx/common/xilinx_fpv6.gen 
Execute     set_part xa7z030fbv484-1i 
Execute       add_library xilinx/azynq/azynq:xa7z030:fbv484:-1i 
Execute         get_default_platform 
Execute         license_isbetapart xa7z030 
Command         license_isbetapart done; error code: 1; 
Execute         get_default_platform 
Execute         config_chip_info -quiet -resource  {SLICE 19650}  {LUT 78600}     {FF 157200} {DSP48E 400}   {BRAM 530}  
Execute         config_chip_info -quiet -speed slow 
Execute       add_library xilinx/azynq/azynq_fpv6 
Execute         get_default_platform 
INFO: [HLS 200-10] Setting target device to 'xa7z030fbv484-1i'
Execute       get_default_platform 
Execute     get_default_platform 
Execute     config_chip_info -quiet -resource  {SLICE 19650}  {LUT 78600}     {FF 157200} {DSP48E 400}   {BRAM 530}  
Execute     config_chip_info -quiet -speed slow 
Command   open_solution done; 0.267 sec.
Execute   set_part xa7z030fbv484-1i -tool vivado 
Execute     add_library xilinx/azynq/azynq:xa7z030:fbv484:-1i 
Execute       get_default_platform 
Execute       license_isbetapart xa7z030 
Command       license_isbetapart done; error code: 1; 
Execute       get_default_platform 
Execute       config_chip_info -quiet -resource  {SLICE 19650}  {LUT 78600}     {FF 157200} {DSP48E 400}   {BRAM 530}  
Execute       config_chip_info -quiet -speed slow 
Execute     add_library xilinx/azynq/azynq_fpv6 
Execute       get_default_platform 
Execute     get_default_platform 
Execute   create_clock -period 10 -name default 
Execute     config_clock -quiet -name default -period 10 -default=false 
INFO: [SYN 201-201] Setting up clock 'default' with a period of 10ns.
Execute   csynth_design 
Execute     get_config_compile -effort 
Execute     get_config_compile -enable_clang39 
Execute     get_config_compile -g 
Execute     get_config_compile -lm 
Execute     get_config_compile -ng 
Execute     get_config_compile -opt_fp 
Execute     get_config_compile -skip_cdt 
Execute     get_config_compile -skip_syncheck 
Execute     get_config_compile -skip_transform 
Execute     config_compile -blackbox  
Execute     get_config_compile -keep_printf 
Execute     elaborate -effort=medium -skip_syncheck=0 -keep_printf=0 -lm=0 -skip_cdt=0 -skip_transform=0 -ng=0 -g=0 -opt_fp=0 -from_csynth_design=1 
Execute       get_config_schedule -relax_ii_for_timing 
INFO: [SCHED 204-61] Option 'relax_ii_for_timing' is enabled, will increase II to preserve clock frequency constraints.
Execute       get_config_schedule -suppress_dependence_error_break 
INFO: [HLS 200-10] Analyzing design file 'img_conv_5x5.c' ... 
INFO-FLOW: Compiling one TU...
Execute       is_m_axi_addr64 
INFO-FLOW: Handling img_conv_5x5.c as C
Execute       get_default_platform 
Execute       is_encrypted img_conv_5x5.c 
INFO-FLOW: Running: GCC PP
INFO-FLOW: Source preprocessing
Execute       clang  -fno-limit-debug-info -gcc-toolchain "G:/Vivadoshizzle/Vivado/2018.3/msys" -hls  -fno-exceptions  -D__llvm__  -E "img_conv_5x5.c"     -fno-math-errno -c -emit-llvm -O0  -mllvm -disable-llvm-optzns -std=gnu89   -DAESL_SYN -D__SYNTHESIS__ -D__HLS_SYN__ -I "G:/Vivadoshizzle/Vivado/2018.3/common/technology/autopilot" -I "G:/Vivadoshizzle/Vivado/2018.3/common/technology/autopilot/ap_sysc" -include etc/autopilot_ssdm_op.h -D__DSP48E1__ -D__cdecl=  -o "C:/Users/marti/Source/Repos/ElectronicDesignAutomation/AsignmentProj2/solution1/.autopilot/db/img_conv_5x5.pp.0.c" 
INFO-FLOW: exec G:/Vivadoshizzle/Vivado/2018.3/win64/tools/clang/bin/clang -fno-limit-debug-info -gcc-toolchain G:/Vivadoshizzle/Vivado/2018.3/msys -hls -fno-exceptions -D__llvm__ -E img_conv_5x5.c -fno-math-errno -c -emit-llvm -O0 -mllvm -disable-llvm-optzns -std=gnu89 -DAESL_SYN -D__SYNTHESIS__ -D__HLS_SYN__ -I G:/Vivadoshizzle/Vivado/2018.3/common/technology/autopilot -I G:/Vivadoshizzle/Vivado/2018.3/common/technology/autopilot/ap_sysc -include etc/autopilot_ssdm_op.h -D__DSP48E1__ -D__cdecl= -o C:/Users/marti/Source/Repos/ElectronicDesignAutomation/AsignmentProj2/solution1/.autopilot/db/img_conv_5x5.pp.0.c
Command       clang done; 0.985 sec.
Execute       tidy_31 xilinx-xfmat-array-geometry C:/Users/marti/Source/Repos/ElectronicDesignAutomation/AsignmentProj2/solution1/.autopilot/db/img_conv_5x5.pp.0.c std=gnu89 
INFO-FLOW: exec G:/Vivadoshizzle/Vivado/2018.3/win64/tools/clang-3.9-csynth/bin/tidy-3.1 -header-filter=.* -checks=-*,xilinx-xfmat-array-geometry -quiet -fix C:/Users/marti/Source/Repos/ElectronicDesignAutomation/AsignmentProj2/solution1/.autopilot/db/img_conv_5x5.pp.0.c -- -std=gnu89 -fhls -ferror-limit=0
INFO-FLOW: Syntax Checking before pre-processing...
Execute       clang -syntaxcheck -src C:/Users/marti/Source/Repos/ElectronicDesignAutomation/AsignmentProj2/solution1/.autopilot/db/img_conv_5x5.pp.0.c  -fno-limit-debug-info -gcc-toolchain "G:/Vivadoshizzle/Vivado/2018.3/msys" -hls    -fno-math-errno -c -emit-llvm -O0  -mllvm -disable-llvm-optzns -std=gnu89   -DAESL_SYN -D__SYNTHESIS__ -D__HLS_SYN__ -I "G:/Vivadoshizzle/Vivado/2018.3/common/technology/autopilot" -I "G:/Vivadoshizzle/Vivado/2018.3/common/technology/autopilot/ap_sysc" -include etc/autopilot_ssdm_op.h -D__DSP48E1__ -D__cdecl=  "C:/Users/marti/Source/Repos/ElectronicDesignAutomation/AsignmentProj2/solution1/.autopilot/db/img_conv_5x5.pp.0.c"  -o "C:/Users/marti/Source/Repos/ElectronicDesignAutomation/AsignmentProj2/solution1/.autopilot/db/useless.bc"  
INFO-FLOW: exec G:/Vivadoshizzle/Vivado/2018.3/win64/tools/clang/bin/clang -fno-limit-debug-info -gcc-toolchain G:/Vivadoshizzle/Vivado/2018.3/msys -hls -fno-math-errno -c -emit-llvm -O0 -mllvm -disable-llvm-optzns -std=gnu89 -DAESL_SYN -D__SYNTHESIS__ -D__HLS_SYN__ -I G:/Vivadoshizzle/Vivado/2018.3/common/technology/autopilot -I G:/Vivadoshizzle/Vivado/2018.3/common/technology/autopilot/ap_sysc -include etc/autopilot_ssdm_op.h -D__DSP48E1__ -D__cdecl= C:/Users/marti/Source/Repos/ElectronicDesignAutomation/AsignmentProj2/solution1/.autopilot/db/img_conv_5x5.pp.0.c -o C:/Users/marti/Source/Repos/ElectronicDesignAutomation/AsignmentProj2/solution1/.autopilot/db/useless.bc
Command       clang done; 0.962 sec.
INFO-FLOW: Done: GCC PP time: 2 seconds per iteration
Execute       list_core -type functional_unit 
Execute       tidy_31 xilinx-systemc-detector C:/Users/marti/Source/Repos/ElectronicDesignAutomation/AsignmentProj2/solution1/.autopilot/db/img_conv_5x5.pp.0.c std=gnu89 -directive=C:/Users/marti/Source/Repos/ElectronicDesignAutomation/AsignmentProj2/solution1/.autopilot/db/.systemc_flag 
INFO-FLOW: exec G:/Vivadoshizzle/Vivado/2018.3/win64/tools/clang-3.9-csynth/bin/tidy-3.1 -header-filter=.* -checks=-*,xilinx-systemc-detector -import-directive=C:/Users/marti/Source/Repos/ElectronicDesignAutomation/AsignmentProj2/solution1/.autopilot/db/.systemc_flag -quiet -fix-errors C:/Users/marti/Source/Repos/ElectronicDesignAutomation/AsignmentProj2/solution1/.autopilot/db/img_conv_5x5.pp.0.c -- -std=gnu89 -fhls -ferror-limit=0
INFO-FLOW: Running: tidy-3.1 CDT preprocess
Execute       tidy_31 xilinx-directive2pragma C:/Users/marti/Source/Repos/ElectronicDesignAutomation/AsignmentProj2/solution1/.autopilot/db/img_conv_5x5.pp.0.c std=gnu89 -directive=C:/Users/marti/Source/Repos/ElectronicDesignAutomation/AsignmentProj2/solution1/.autopilot/db/all.directive.json 
INFO-FLOW: exec G:/Vivadoshizzle/Vivado/2018.3/win64/tools/clang-3.9-csynth/bin/tidy-3.1 -header-filter=.* -checks=-*,xilinx-directive2pragma -import-directive=C:/Users/marti/Source/Repos/ElectronicDesignAutomation/AsignmentProj2/solution1/.autopilot/db/all.directive.json -quiet -fix-errors C:/Users/marti/Source/Repos/ElectronicDesignAutomation/AsignmentProj2/solution1/.autopilot/db/img_conv_5x5.pp.0.c -- -std=gnu89 -fhls -ferror-limit=0
Execute       get_config_dataflow -strict_mode 
Execute       ap_eval exec -ignorestderr G:/Vivadoshizzle/Vivado/2018.3/win64/tools/clang-3.9-csynth/bin/xilinx-dataflow-lawyer -export-fixes=C:/Users/marti/Source/Repos/ElectronicDesignAutomation/AsignmentProj2/solution1/.autopilot/db/xilinx-dataflow-lawyer.img_conv_5x5.pp.0.c.diag.yml C:/Users/marti/Source/Repos/ElectronicDesignAutomation/AsignmentProj2/solution1/.autopilot/db/img_conv_5x5.pp.0.c -- -std=gnu99 -fhls -ferror-limit=0 -fstrict-dataflow > C:/Users/marti/Source/Repos/ElectronicDesignAutomation/AsignmentProj2/solution1/.autopilot/db/xilinx-dataflow-lawyer.img_conv_5x5.pp.0.c.out.log 2> C:/Users/marti/Source/Repos/ElectronicDesignAutomation/AsignmentProj2/solution1/.autopilot/db/xilinx-dataflow-lawyer.img_conv_5x5.pp.0.c.err.log 
Execute       tidy_31 -errorcheck xilinx-constantarray-param,xilinx-resource-pragma-transformer,xilinx-xfmat-array-geometry C:/Users/marti/Source/Repos/ElectronicDesignAutomation/AsignmentProj2/solution1/.autopilot/db/img_conv_5x5.pp.0.c std=gnu89 
Execute         ap_eval exec -ignorestderr G:/Vivadoshizzle/Vivado/2018.3/win64/tools/clang-3.9-csynth/bin/tidy-3.1 -export-fixes=C:/Users/marti/Source/Repos/ElectronicDesignAutomation/AsignmentProj2/solution1/.autopilot/db/tidy-3.1.img_conv_5x5.pp.0.c.diag.yml -header-filter=.* -checks=-*,xilinx-constantarray-param,xilinx-resource-pragma-transformer,xilinx-xfmat-array-geometry -quiet -fix-errors C:/Users/marti/Source/Repos/ElectronicDesignAutomation/AsignmentProj2/solution1/.autopilot/db/img_conv_5x5.pp.0.c -- -std=gnu89 -fhls -ferror-limit=0 > C:/Users/marti/Source/Repos/ElectronicDesignAutomation/AsignmentProj2/solution1/.autopilot/db/tidy-3.1.img_conv_5x5.pp.0.c.out.log 2> C:/Users/marti/Source/Repos/ElectronicDesignAutomation/AsignmentProj2/solution1/.autopilot/db/tidy-3.1.img_conv_5x5.pp.0.c.err.log 
Command         ap_eval done; 0.203 sec.
Execute         ap_eval exec -ignorestderr G:/Vivadoshizzle/Vivado/2018.3/win64/tools/clang-3.9-csynth/bin/xilinx-legacy-rewriter C:/Users/marti/Source/Repos/ElectronicDesignAutomation/AsignmentProj2/solution1/.autopilot/db/img_conv_5x5.pp.0.c -- -std=gnu89 -fhls -ferror-limit=0 > C:/Users/marti/Source/Repos/ElectronicDesignAutomation/AsignmentProj2/solution1/.autopilot/db/xilinx-legacy-rewriter.img_conv_5x5.pp.0.c.out.log 2> C:/Users/marti/Source/Repos/ElectronicDesignAutomation/AsignmentProj2/solution1/.autopilot/db/xilinx-legacy-rewriter.img_conv_5x5.pp.0.c.err.log 
Command       tidy_31 done; 0.314 sec.
INFO-FLOW: Done: tidy-3.1 CDT preprocess time: 0.5 seconds per iteration
INFO-FLOW: Pragma Handling...
Execute       tidy_31 xilinx-ssdm-intrinsics-arguments C:/Users/marti/Source/Repos/ElectronicDesignAutomation/AsignmentProj2/solution1/.autopilot/db/img_conv_5x5.pragma.1.c std=gnu89 
INFO-FLOW: exec G:/Vivadoshizzle/Vivado/2018.3/win64/tools/clang-3.9-csynth/bin/tidy-3.1 -header-filter=.* -checks=-*,xilinx-ssdm-intrinsics-arguments -quiet -fix-errors C:/Users/marti/Source/Repos/ElectronicDesignAutomation/AsignmentProj2/solution1/.autopilot/db/img_conv_5x5.pragma.1.c -- -std=gnu89 -fhls -ferror-limit=0
Execute       get_default_platform 
INFO-FLOW: Processing labels
Execute       clang -src C:/Users/marti/Source/Repos/ElectronicDesignAutomation/AsignmentProj2/solution1/.autopilot/db/img_conv_5x5.pragma.2.c  -fno-limit-debug-info -gcc-toolchain G:/Vivadoshizzle/Vivado/2018.3/msys -hls -hls-analyze-label -hls-analyze-pragma -fno-exceptions  -D__llvm__  -w  "C:/Users/marti/Source/Repos/ElectronicDesignAutomation/AsignmentProj2/solution1/.autopilot/db/img_conv_5x5.pragma.2.c"    -fno-math-errno -c -emit-llvm -O0  -mllvm -disable-llvm-optzns -std=gnu89  -DAESL_SYN -D__SYNTHESIS__ -D__HLS_SYN__ -I "G:/Vivadoshizzle/Vivado/2018.3/common/technology/autopilot" -I "G:/Vivadoshizzle/Vivado/2018.3/common/technology/autopilot/ap_sysc" -include etc/autopilot_ssdm_op.h -D__DSP48E1__ -g -o "C:/Users/marti/Source/Repos/ElectronicDesignAutomation/AsignmentProj2/solution1/.autopilot/db/img_conv_5x5.bc" 
INFO-FLOW: exec G:/Vivadoshizzle/Vivado/2018.3/win64/tools/clang/bin/clang -fno-limit-debug-info -gcc-toolchain G:/Vivadoshizzle/Vivado/2018.3/msys -hls -hls-analyze-label -hls-analyze-pragma -fno-exceptions -D__llvm__ -w C:/Users/marti/Source/Repos/ElectronicDesignAutomation/AsignmentProj2/solution1/.autopilot/db/img_conv_5x5.pragma.2.c -fno-math-errno -c -emit-llvm -O0 -mllvm -disable-llvm-optzns -std=gnu89 -DAESL_SYN -D__SYNTHESIS__ -D__HLS_SYN__ -I G:/Vivadoshizzle/Vivado/2018.3/common/technology/autopilot -I G:/Vivadoshizzle/Vivado/2018.3/common/technology/autopilot/ap_sysc -include etc/autopilot_ssdm_op.h -D__DSP48E1__ -g -o C:/Users/marti/Source/Repos/ElectronicDesignAutomation/AsignmentProj2/solution1/.autopilot/db/img_conv_5x5.bc
Command       clang done; 0.973 sec.
INFO: [HLS 200-10] Analyzing design file 'full_img_conv_5x5.c' ... 
INFO-FLOW: Compiling one TU...
Execute       is_m_axi_addr64 
INFO-FLOW: Handling full_img_conv_5x5.c as C
Execute       get_default_platform 
Execute       is_encrypted full_img_conv_5x5.c 
INFO-FLOW: Running: GCC PP
INFO-FLOW: Source preprocessing
Execute       clang  -fno-limit-debug-info -gcc-toolchain "G:/Vivadoshizzle/Vivado/2018.3/msys" -hls  -fno-exceptions  -D__llvm__  -E "full_img_conv_5x5.c"     -fno-math-errno -c -emit-llvm -O0  -mllvm -disable-llvm-optzns -std=gnu89   -DAESL_SYN -D__SYNTHESIS__ -D__HLS_SYN__ -I "G:/Vivadoshizzle/Vivado/2018.3/common/technology/autopilot" -I "G:/Vivadoshizzle/Vivado/2018.3/common/technology/autopilot/ap_sysc" -include etc/autopilot_ssdm_op.h -D__DSP48E1__ -D__cdecl=  -o "C:/Users/marti/Source/Repos/ElectronicDesignAutomation/AsignmentProj2/solution1/.autopilot/db/full_img_conv_5x5.pp.0.c" 
INFO-FLOW: exec G:/Vivadoshizzle/Vivado/2018.3/win64/tools/clang/bin/clang -fno-limit-debug-info -gcc-toolchain G:/Vivadoshizzle/Vivado/2018.3/msys -hls -fno-exceptions -D__llvm__ -E full_img_conv_5x5.c -fno-math-errno -c -emit-llvm -O0 -mllvm -disable-llvm-optzns -std=gnu89 -DAESL_SYN -D__SYNTHESIS__ -D__HLS_SYN__ -I G:/Vivadoshizzle/Vivado/2018.3/common/technology/autopilot -I G:/Vivadoshizzle/Vivado/2018.3/common/technology/autopilot/ap_sysc -include etc/autopilot_ssdm_op.h -D__DSP48E1__ -D__cdecl= -o C:/Users/marti/Source/Repos/ElectronicDesignAutomation/AsignmentProj2/solution1/.autopilot/db/full_img_conv_5x5.pp.0.c
Command       clang done; 0.994 sec.
Execute       tidy_31 xilinx-xfmat-array-geometry C:/Users/marti/Source/Repos/ElectronicDesignAutomation/AsignmentProj2/solution1/.autopilot/db/full_img_conv_5x5.pp.0.c std=gnu89 
INFO-FLOW: exec G:/Vivadoshizzle/Vivado/2018.3/win64/tools/clang-3.9-csynth/bin/tidy-3.1 -header-filter=.* -checks=-*,xilinx-xfmat-array-geometry -quiet -fix C:/Users/marti/Source/Repos/ElectronicDesignAutomation/AsignmentProj2/solution1/.autopilot/db/full_img_conv_5x5.pp.0.c -- -std=gnu89 -fhls -ferror-limit=0
INFO-FLOW: Syntax Checking before pre-processing...
Execute       clang -syntaxcheck -src C:/Users/marti/Source/Repos/ElectronicDesignAutomation/AsignmentProj2/solution1/.autopilot/db/full_img_conv_5x5.pp.0.c  -fno-limit-debug-info -gcc-toolchain "G:/Vivadoshizzle/Vivado/2018.3/msys" -hls    -fno-math-errno -c -emit-llvm -O0  -mllvm -disable-llvm-optzns -std=gnu89   -DAESL_SYN -D__SYNTHESIS__ -D__HLS_SYN__ -I "G:/Vivadoshizzle/Vivado/2018.3/common/technology/autopilot" -I "G:/Vivadoshizzle/Vivado/2018.3/common/technology/autopilot/ap_sysc" -include etc/autopilot_ssdm_op.h -D__DSP48E1__ -D__cdecl=  "C:/Users/marti/Source/Repos/ElectronicDesignAutomation/AsignmentProj2/solution1/.autopilot/db/full_img_conv_5x5.pp.0.c"  -o "C:/Users/marti/Source/Repos/ElectronicDesignAutomation/AsignmentProj2/solution1/.autopilot/db/useless.bc"  
INFO-FLOW: exec G:/Vivadoshizzle/Vivado/2018.3/win64/tools/clang/bin/clang -fno-limit-debug-info -gcc-toolchain G:/Vivadoshizzle/Vivado/2018.3/msys -hls -fno-math-errno -c -emit-llvm -O0 -mllvm -disable-llvm-optzns -std=gnu89 -DAESL_SYN -D__SYNTHESIS__ -D__HLS_SYN__ -I G:/Vivadoshizzle/Vivado/2018.3/common/technology/autopilot -I G:/Vivadoshizzle/Vivado/2018.3/common/technology/autopilot/ap_sysc -include etc/autopilot_ssdm_op.h -D__DSP48E1__ -D__cdecl= C:/Users/marti/Source/Repos/ElectronicDesignAutomation/AsignmentProj2/solution1/.autopilot/db/full_img_conv_5x5.pp.0.c -o C:/Users/marti/Source/Repos/ElectronicDesignAutomation/AsignmentProj2/solution1/.autopilot/db/useless.bc
Command       clang done; 0.959 sec.
INFO-FLOW: Done: GCC PP time: 2.1 seconds per iteration
Execute       list_core -type functional_unit 
Execute       tidy_31 xilinx-systemc-detector C:/Users/marti/Source/Repos/ElectronicDesignAutomation/AsignmentProj2/solution1/.autopilot/db/full_img_conv_5x5.pp.0.c std=gnu89 -directive=C:/Users/marti/Source/Repos/ElectronicDesignAutomation/AsignmentProj2/solution1/.autopilot/db/.systemc_flag 
INFO-FLOW: exec G:/Vivadoshizzle/Vivado/2018.3/win64/tools/clang-3.9-csynth/bin/tidy-3.1 -header-filter=.* -checks=-*,xilinx-systemc-detector -import-directive=C:/Users/marti/Source/Repos/ElectronicDesignAutomation/AsignmentProj2/solution1/.autopilot/db/.systemc_flag -quiet -fix-errors C:/Users/marti/Source/Repos/ElectronicDesignAutomation/AsignmentProj2/solution1/.autopilot/db/full_img_conv_5x5.pp.0.c -- -std=gnu89 -fhls -ferror-limit=0
INFO-FLOW: Running: tidy-3.1 CDT preprocess
Execute       tidy_31 xilinx-directive2pragma C:/Users/marti/Source/Repos/ElectronicDesignAutomation/AsignmentProj2/solution1/.autopilot/db/full_img_conv_5x5.pp.0.c std=gnu89 -directive=C:/Users/marti/Source/Repos/ElectronicDesignAutomation/AsignmentProj2/solution1/.autopilot/db/all.directive.json 
INFO-FLOW: exec G:/Vivadoshizzle/Vivado/2018.3/win64/tools/clang-3.9-csynth/bin/tidy-3.1 -header-filter=.* -checks=-*,xilinx-directive2pragma -import-directive=C:/Users/marti/Source/Repos/ElectronicDesignAutomation/AsignmentProj2/solution1/.autopilot/db/all.directive.json -quiet -fix-errors C:/Users/marti/Source/Repos/ElectronicDesignAutomation/AsignmentProj2/solution1/.autopilot/db/full_img_conv_5x5.pp.0.c -- -std=gnu89 -fhls -ferror-limit=0
Execute       get_config_dataflow -strict_mode 
Execute       ap_eval exec -ignorestderr G:/Vivadoshizzle/Vivado/2018.3/win64/tools/clang-3.9-csynth/bin/xilinx-dataflow-lawyer -export-fixes=C:/Users/marti/Source/Repos/ElectronicDesignAutomation/AsignmentProj2/solution1/.autopilot/db/xilinx-dataflow-lawyer.full_img_conv_5x5.pp.0.c.diag.yml C:/Users/marti/Source/Repos/ElectronicDesignAutomation/AsignmentProj2/solution1/.autopilot/db/full_img_conv_5x5.pp.0.c -- -std=gnu99 -fhls -ferror-limit=0 -fstrict-dataflow > C:/Users/marti/Source/Repos/ElectronicDesignAutomation/AsignmentProj2/solution1/.autopilot/db/xilinx-dataflow-lawyer.full_img_conv_5x5.pp.0.c.out.log 2> C:/Users/marti/Source/Repos/ElectronicDesignAutomation/AsignmentProj2/solution1/.autopilot/db/xilinx-dataflow-lawyer.full_img_conv_5x5.pp.0.c.err.log 
Execute       tidy_31 -errorcheck xilinx-constantarray-param,xilinx-resource-pragma-transformer,xilinx-xfmat-array-geometry C:/Users/marti/Source/Repos/ElectronicDesignAutomation/AsignmentProj2/solution1/.autopilot/db/full_img_conv_5x5.pp.0.c std=gnu89 
Execute         ap_eval exec -ignorestderr G:/Vivadoshizzle/Vivado/2018.3/win64/tools/clang-3.9-csynth/bin/tidy-3.1 -export-fixes=C:/Users/marti/Source/Repos/ElectronicDesignAutomation/AsignmentProj2/solution1/.autopilot/db/tidy-3.1.full_img_conv_5x5.pp.0.c.diag.yml -header-filter=.* -checks=-*,xilinx-constantarray-param,xilinx-resource-pragma-transformer,xilinx-xfmat-array-geometry -quiet -fix-errors C:/Users/marti/Source/Repos/ElectronicDesignAutomation/AsignmentProj2/solution1/.autopilot/db/full_img_conv_5x5.pp.0.c -- -std=gnu89 -fhls -ferror-limit=0 > C:/Users/marti/Source/Repos/ElectronicDesignAutomation/AsignmentProj2/solution1/.autopilot/db/tidy-3.1.full_img_conv_5x5.pp.0.c.out.log 2> C:/Users/marti/Source/Repos/ElectronicDesignAutomation/AsignmentProj2/solution1/.autopilot/db/tidy-3.1.full_img_conv_5x5.pp.0.c.err.log 
Execute         ap_eval exec -ignorestderr G:/Vivadoshizzle/Vivado/2018.3/win64/tools/clang-3.9-csynth/bin/xilinx-legacy-rewriter C:/Users/marti/Source/Repos/ElectronicDesignAutomation/AsignmentProj2/solution1/.autopilot/db/full_img_conv_5x5.pp.0.c -- -std=gnu89 -fhls -ferror-limit=0 > C:/Users/marti/Source/Repos/ElectronicDesignAutomation/AsignmentProj2/solution1/.autopilot/db/xilinx-legacy-rewriter.full_img_conv_5x5.pp.0.c.out.log 2> C:/Users/marti/Source/Repos/ElectronicDesignAutomation/AsignmentProj2/solution1/.autopilot/db/xilinx-legacy-rewriter.full_img_conv_5x5.pp.0.c.err.log 
Command       tidy_31 done; 0.188 sec.
INFO-FLOW: Done: tidy-3.1 CDT preprocess time: 0.4 seconds per iteration
INFO-FLOW: Pragma Handling...
Execute       tidy_31 xilinx-ssdm-intrinsics-arguments C:/Users/marti/Source/Repos/ElectronicDesignAutomation/AsignmentProj2/solution1/.autopilot/db/full_img_conv_5x5.pragma.1.c std=gnu89 
INFO-FLOW: exec G:/Vivadoshizzle/Vivado/2018.3/win64/tools/clang-3.9-csynth/bin/tidy-3.1 -header-filter=.* -checks=-*,xilinx-ssdm-intrinsics-arguments -quiet -fix-errors C:/Users/marti/Source/Repos/ElectronicDesignAutomation/AsignmentProj2/solution1/.autopilot/db/full_img_conv_5x5.pragma.1.c -- -std=gnu89 -fhls -ferror-limit=0
Execute       get_default_platform 
INFO-FLOW: Processing labels
Execute       clang -src C:/Users/marti/Source/Repos/ElectronicDesignAutomation/AsignmentProj2/solution1/.autopilot/db/full_img_conv_5x5.pragma.2.c  -fno-limit-debug-info -gcc-toolchain G:/Vivadoshizzle/Vivado/2018.3/msys -hls -hls-analyze-label -hls-analyze-pragma -fno-exceptions  -D__llvm__  -w  "C:/Users/marti/Source/Repos/ElectronicDesignAutomation/AsignmentProj2/solution1/.autopilot/db/full_img_conv_5x5.pragma.2.c"    -fno-math-errno -c -emit-llvm -O0  -mllvm -disable-llvm-optzns -std=gnu89  -DAESL_SYN -D__SYNTHESIS__ -D__HLS_SYN__ -I "G:/Vivadoshizzle/Vivado/2018.3/common/technology/autopilot" -I "G:/Vivadoshizzle/Vivado/2018.3/common/technology/autopilot/ap_sysc" -include etc/autopilot_ssdm_op.h -D__DSP48E1__ -g -o "C:/Users/marti/Source/Repos/ElectronicDesignAutomation/AsignmentProj2/solution1/.autopilot/db/full_img_conv_5x5.bc" 
INFO-FLOW: exec G:/Vivadoshizzle/Vivado/2018.3/win64/tools/clang/bin/clang -fno-limit-debug-info -gcc-toolchain G:/Vivadoshizzle/Vivado/2018.3/msys -hls -hls-analyze-label -hls-analyze-pragma -fno-exceptions -D__llvm__ -w C:/Users/marti/Source/Repos/ElectronicDesignAutomation/AsignmentProj2/solution1/.autopilot/db/full_img_conv_5x5.pragma.2.c -fno-math-errno -c -emit-llvm -O0 -mllvm -disable-llvm-optzns -std=gnu89 -DAESL_SYN -D__SYNTHESIS__ -D__HLS_SYN__ -I G:/Vivadoshizzle/Vivado/2018.3/common/technology/autopilot -I G:/Vivadoshizzle/Vivado/2018.3/common/technology/autopilot/ap_sysc -include etc/autopilot_ssdm_op.h -D__DSP48E1__ -g -o C:/Users/marti/Source/Repos/ElectronicDesignAutomation/AsignmentProj2/solution1/.autopilot/db/full_img_conv_5x5.bc
Command       clang done; 0.971 sec.
INFO-FLOW: Linking Debug ...
Execute       llvm-ld C:/Users/marti/Source/Repos/ElectronicDesignAutomation/AsignmentProj2/solution1/.autopilot/db/img_conv_5x5.g.bc C:/Users/marti/Source/Repos/ElectronicDesignAutomation/AsignmentProj2/solution1/.autopilot/db/full_img_conv_5x5.g.bc -hls-opt -except-internalize convolve -LG:/Vivadoshizzle/Vivado/2018.3/win64/lib -lhlsm -lhlsmc++ -o C:/Users/marti/Source/Repos/ElectronicDesignAutomation/AsignmentProj2/solution1/.autopilot/db/a.g 
Command       llvm-ld done; 1.065 sec.
INFO: [HLS 200-111] Finished Linking Time (s): cpu = 00:00:00 ; elapsed = 00:00:10 . Memory (MB): peak = 103.105 ; gain = 16.801
INFO: [HLS 200-111] Finished Checking Pragmas Time (s): cpu = 00:00:00 ; elapsed = 00:00:10 . Memory (MB): peak = 103.105 ; gain = 16.801
Execute       get_config_sdx -target 
Execute       opt_and_import_c a -opt_level=2 -skip_syncheck=0 -ng=0 -keep_printf=0 
Execute         cleanup_all_models 
INFO: [HLS 200-10] Starting code transformations ...
Execute         transform -promote-dbg-pointer C:/Users/marti/Source/Repos/ElectronicDesignAutomation/AsignmentProj2/solution1/.autopilot/db/a.pp.bc -o C:/Users/marti/Source/Repos/ElectronicDesignAutomation/AsignmentProj2/solution1/.autopilot/db/a.pp.0.bc -f 
Execute         llvm-ld C:/Users/marti/Source/Repos/ElectronicDesignAutomation/AsignmentProj2/solution1/.autopilot/db/a.pp.0.bc -disable-opt -LG:/Vivadoshizzle/Vivado/2018.3/win64/lib -lfloatconversion -o C:/Users/marti/Source/Repos/ElectronicDesignAutomation/AsignmentProj2/solution1/.autopilot/db/a.g.0 
Command         llvm-ld done; 0.483 sec.
INFO-FLOW: Running Standard Transforms...
Execute         transform -hls -share-std-xform -demangle-name -inline-byval-memcpy -always-inline -promote-dbg-pointer -interface-preproc -mem2reg -lower-blackbox -scalarrepl -mem2reg -keep-read-access -instcombine -dce -promote-dbg-pointer -bitop-raise -loop-simplify -indvarspre -indvars -loop-simplify -xunroll -constprop -instcombine -simplifycfg -indvars -simplifycfg -dce -globaldce -basicaa -simplifycfg -mem2reg -globalopt -global-constprop -deadargelim -instcombine -simplifycfg -prune-eh -simplifycfg -scalarrepl -instcombine -reassociate -licm -simplifycfg -loop-simplify -indvars -instcombine -simplifycfg -mem2reg -loop-simplify -indvars -instcombine -gvn -gvn -instcombine -adce -break-crit-edges -simplifycfg -loop-delete -global-array-opt -dce -dse -adce -find-syn-modules -top convolve -deadargelim -mem2reg -instcombine -dce -presyn-prepare -auto-rom-infer -interface-preproc -syn-check -check-rec-only -find-region -simplifycfg -func-extr -function-inline -globaldce -mem2reg -instcombine -dce -gvn -globaldce -adce -adse -constprop -instcombine -bit-constprop -instcombine -dce -simplifycfg -bitop-raise -simplifycfg -dce -loop-delete -reassociate -globalopt -global-privatize -mem2reg -dce -global-constprop -pointer-simplify -constprop -dce -func-inst -deadargelim -auto-shift-reg-idiom -promote-dbg-pointer -norm-name C:/Users/marti/Source/Repos/ElectronicDesignAutomation/AsignmentProj2/solution1/.autopilot/db/a.g.0.bc -o C:/Users/marti/Source/Repos/ElectronicDesignAutomation/AsignmentProj2/solution1/.autopilot/db/a.g.1.bc -f -phase std-opt 
Command         transform done; 0.236 sec.
INFO: [HLS 200-111] Finished Standard Transforms Time (s): cpu = 00:00:01 ; elapsed = 00:00:10 . Memory (MB): peak = 104.402 ; gain = 18.098
INFO: [HLS 200-10] Checking synthesizability ...
INFO-FLOW: Checking Synthesizability 1/2..
Execute         transform -hls -syn-check -check-rec-only -disaggr -scalarrepl -norm-name -dce -mem2reg -instcombine -function-uniquify -directive-preproc -mem2reg -dse -dce -auto-rom-infer -dce -pag -array-normalize -instcombine -dce -warn-fifo-pointer -array-seg-normalize -instcombine -dce -array-flatten -instcombine -dce -array-burst -dce -deadargelim -promote-global-argument -simplifycfg -mem2reg -globaldce -resolve-double-ptr -dce -deadargelim -dce -instcombine -function-inline -globaldce -dce -doublePtrSimplify -doublePtrElim -dce -doublePtrSimplify -promote-dbg-pointer -dce -scalarrepl -dse -adse -instcombine -ptrLegalization -simplifycfg -dce -instcombine -pointer-simplify -ptrArgReplace -dce -instcombine -disaggr -scalarrepl -norm-name -dce -mem2reg -instcombine -ptrLegalization -simplifycfg -deadargelim -instcombine -dce -inst-simplify -function-uniquify -directive-preproc -mem2reg -dse -dce -globaldce -check-dspbuiltin C:/Users/marti/Source/Repos/ElectronicDesignAutomation/AsignmentProj2/solution1/.autopilot/db/a.g.1.bc -o C:/Users/marti/Source/Repos/ElectronicDesignAutomation/AsignmentProj2/solution1/.autopilot/db/a.g.2.prechk.bc -f 
Command         transform done; 0.246 sec.
INFO-FLOW: Checking Synthesizability 2/2..
Execute         transform -syn-check C:/Users/marti/Source/Repos/ElectronicDesignAutomation/AsignmentProj2/solution1/.autopilot/db/a.g.2.prechk.bc -o C:/Users/marti/Source/Repos/ElectronicDesignAutomation/AsignmentProj2/solution1/.autopilot/db/a.g.2.bc -f -phase syn-check 
WARNING: [SYNCHK 200-77] The top function 'convolve' (full_img_conv_5x5.c:2) has no outputs. Possible cause(s) are: (1) Output parameters are passed by value; (2) intended outputs (parameters or global variables) are never written; (3) there are infinite loops.
INFO: [SYNCHK 200-10] 0 error(s), 1 warning(s).
INFO: [HLS 200-111] Finished Checking Synthesizability Time (s): cpu = 00:00:01 ; elapsed = 00:00:11 . Memory (MB): peak = 104.660 ; gain = 18.355
INFO-FLOW: Compiler optimizing ...
INFO-FLOW: Share syncheck's 1.bc for syn flow: copy C:/Users/marti/Source/Repos/ElectronicDesignAutomation/AsignmentProj2/solution1/.autopilot/db/a.g.1.bc to C:/Users/marti/Source/Repos/ElectronicDesignAutomation/AsignmentProj2/solution1/.autopilot/db/a.o.1.bc
INFO-FLOW: Presyn 1...
Execute         transform -hls -tmp C:/Users/marti/Source/Repos/ElectronicDesignAutomation/AsignmentProj2/solution1/.autopilot/db -interface-port-rename -type-info -function-uniquify -directive-preproc -mem2reg -dse -dce -disaggr -scalarrepl -norm-name -deadargelim -mem2reg -instcombine -dce -simplifycfg -auto-rom-infer -dce -function-uniquify -resource-proc -simplifycfg -mem2reg -globaldce -resolve-double-ptr -dce -deadargelim -dce -instcombine -clib-intrinsic-prepare -dce -func-buffer -dce -pag -array-normalize -func-legal -instcombine -gvn -constprop -dce -ptrArgReplace -mem2reg -instcombine -dce -array-seg-normalize -deadargelim -instcombine -dce -pointer-simplify -dce -port-alignment -dce -interface-preproc -data-pack -instcombine -dce -basicaa -aggr-aa -aggrmodref-aa -aggr-aa -gvn -gvn -basicaa -aggr-aa -aggrmodref-aa -aggr-aa -dse -adse -adce -loop-simplify -indvars -instcombine -gvn -loop-simplify -mem2reg -dce -find-region -instcombine -auto-loop-pipeline -inst-simplify -interface-preproc -cfgopt -instcombine -indvars -auto-loop-unroll -loop-simplify -loop-bound -xunroll -constprop -instcombine -simplifycfg -indvars -simplifycfg -dce -globaldce -clean-region -attach-range -gvn -inst-simplify -constprop -simplifycfg -dce -pointer-simplify -dce -globalopt -constprop -dce -array-promote -constprop -instcombine -dce -ptrArgReplace -mem2reg -instcombine -simplifycfg -dce -auto-par -instcombine -dce -array-transform-check -array-reshape -instcombine -simplifycfg -dce -ptrArgReplace -deadargelim -mem2reg -instcombine -simplifycfg -dce -indvars -loop-simplify -loop-bound -xunroll -constprop -instcombine -simplifycfg -indvars -simplifycfg -dce -globaldce -basicaa -aggr-aa -aggrmodref-aa -aggr-aa -dse -duplicate-dataflow-processes -globaldce -instcombine -array-partition -instcombine -simplifycfg -dce -ptrArgReplace -global-constprop -deadargelim -mem2reg -func-legal -instcombine -dce -global-constprop -deadargelim -mem2reg -instcombine -simplifycfg -dce -merge-param -deadargelim -globalopt -constprop -dce -array-promote -constprop -instcombine -dce -ptrArgReplace -mem2reg -instcombine -simplifycfg -dce -mem-intrinsic-preproc -dce -global-internalize -global-privatize -mem2reg -globaldce -promote-global-argument -ptrArgReplace -mem2reg -instcombine -dce -globalopt -mergereturn -simplify-global-access -mem2reg -dce -pointer-simplify -dce -functionattrs -basicaa -aggr-aa -aggrmodref-aa -aggr-aa -gvn -gvn -basicaa -aggr-aa -aggrmodref-aa -aggr-aa -dse -adse -adce -inst-simplify -dce -norm-name -function-inline -globaldce -func-inst -constprop -instcombine -simplifycfg -dce -func-legal -dce -loop-bound -arraycheck -bitwidthmin -on-by-dataflow -loop-delete -instcombine -simplifycfg -globaldce -dce -gvn -deadargelim -dce -loop-simplify -clean-region -simplifycfg -propagate-stable-arguments -loop-stream -instcombine -simplifycfg -dce -globaldce -duplicate-dataflow-processes -stream-intrinsic-preproc -dce -check-ap-stream -loop-simplify -eliminate-keepreads -extract-dataflow-in-loop -loop-simplify -dce -gvn -deadargelim -dse -check-dataflow-syntax -legalize-stream-variable -legalize-global -extract-subproc -dce -dead-channel-elimination -canonicalize-gep -globaldce -dce -gvn -deadargelim -annotate-dataflow-channels -scalar-propagation -deadargelim -globaldce -mem2reg -check-dataflow-channels -function-stream -dce -globaldce -prop-fifo-spec -internal-stream-gen -canonicalize-gep -globaldce -dce -gvn -deadargelim -mergereturn -indvars -loop-simplify -instcombine -array-stream -array-seg-normalize -array-partition -func-legal -instcombine -simplifycfg -dce -bundle-memfifo-ops -deadargelim -function-uniquify -directive-preproc -mem2reg -dse -dce -group-axi-access -licm -simplifycfg -dce -loop-delete -norm-name C:/Users/marti/Source/Repos/ElectronicDesignAutomation/AsignmentProj2/solution1/.autopilot/db/a.o.1.bc -o C:/Users/marti/Source/Repos/ElectronicDesignAutomation/AsignmentProj2/solution1/.autopilot/db/a.o.1.tmp.bc -f 
Command         transform done; 0.287 sec.
INFO-FLOW: Presyn 2...
Execute         transform -hls -keep-callgraph -scalarrepl -mem2reg -port-alignment -attach-range -dce -pipe-mux-gen -indvars -loop-bound -inst-simplify -instcombine -dce -merge-array-access -mem2reg -dce -clean-region -mergereturn -if-conv -instcombine -dce -constprop -basicaa -aggr-aa -aggrmodref-aa -aggr-aa -gvn -gvn -basicaa -aggr-aa -aggrmodref-aa -aggr-aa -dse -adse -adce -scalarrepl -mem2reg -global-constprop -deadargelim -deadargelim -instcombine -dce -simplifycfg -ptrArgReplace -mem2reg -function-inline -globaldce -mem2reg -instcombine -dce -expr-balance -instcombine -dce -bitwidthmin -interface-preproc -directive-preproc -inst-rectify -instcombine -dce -functionattrs -constprop -instcombine -bit-constprop -simplify-global-access -globalopt -globaldce -inst-simplify -instcombine -elimdeaddata -dce -loop-delete -simplifycfg -loop-simplify -auto-burst -norm-name C:/Users/marti/Source/Repos/ElectronicDesignAutomation/AsignmentProj2/solution1/.autopilot/db/a.o.1.tmp.bc -o C:/Users/marti/Source/Repos/ElectronicDesignAutomation/AsignmentProj2/solution1/.autopilot/db/a.o.2.bc -f -phase presyn 
INFO: [XFORM 203-11] Balancing expressions in function 'img_conv_5x5' (img_conv_5x5.c:20)...17 expression(s) balanced.
INFO: [HLS 200-111] Finished Pre-synthesis Time (s): cpu = 00:00:01 ; elapsed = 00:00:11 . Memory (MB): peak = 126.375 ; gain = 40.070
INFO-FLOW: Building ssdm...
Execute         transform -hls -function-uniquify -auto-function-inline -globaldce -ptrArgReplace -mem2reg -instcombine -dce -reset-lda -loop-simplify -indvars -licm -loop-dep -loop-bound -licm -loop-simplify -flattenloopnest -array-flatten -gvn -instcombine -dce -array-map -dce -func-legal -gvn -adce -instcombine -cfgopt -simplifycfg -loop-simplify -array-burst -promote-global-argument -dce -axi4-lower -array-seg-normalize -basicaa -aggrmodref-aa -globalsmodref-aa -aggr-aa -gvn -gvn -basicaa -aggrmodref-aa -globalsmodref-aa -aggr-aa -dse -adse -adce -licm -inst-simplify -dce -globaldce -instcombine -array-stream -eliminate-keepreads -instcombine -dce -deadargelim -doublePtrSimplify -doublePtrElim -dce -doublePtrSimplify -promote-dbg-pointer -dce -scalarrepl -mem2reg -disaggr -norm-name -mem2reg -instcombine -dse -adse -adce -ptrLegalization -dce -auto-rom-infer -array-flatten -dce -instcombine -check-doubleptr -loop-rot -constprop -cfgopt -simplifycfg -loop-simplify -indvars -pointer-simplify -dce -loop-bound -loop-simplify -loop-preproc -constprop -global-constprop -gvn -mem2reg -instcombine -dce -loop-bound -loop-merge -dce -bitwidthmin -deadargelim -dce -canonicalize-dataflow -dce -scalar-propagation -deadargelim -globaldce -mem2reg -read-loop-dep -interface-preproc -directive-preproc -interface-gen -bram-byte-enable -deadargelim -inst-simplify -dce -gvn -mem2reg -instcombine -dce -adse -loop-bound -instcombine -cfgopt -simplifycfg -loop-simplify -clean-region -io-protocol -find-region -mem2reg -bitop-raise -inst-simplify -inst-rectify -instcombine -adce -deadargelim -loop-simplify -phi-opt -bitop-raise -cfgopt -simplifycfg -strip-dead-prototypes -interface-lower -bitop-lower -intrinsic-lower -auto-function-inline -basicaa -aggrmodref-aa -globalsmodref-aa -aggr-aa -inst-simplify -simplifycfg -loop-simplify -mergereturn -inst-simplify -inst-rectify -dce -load-elim -bitop-lower -loop-rewind -pointer-simplify -dce -cfgopt -dce -bitwidth -loop-bound -loop-dep -read-loop-dep -dce -check-stream -norm-name -legalize -validate-dataflow -inst-clarity -cdfg-build C:/Users/marti/Source/Repos/ElectronicDesignAutomation/AsignmentProj2/solution1/.autopilot/db/a.o.2.bc -o C:/Users/marti/Source/Repos/ElectronicDesignAutomation/AsignmentProj2/solution1/.autopilot/db/a.o.3.bc -f -phase build-ssdm 
INFO: [HLS 200-111] Finished Architecture Synthesis Time (s): cpu = 00:00:01 ; elapsed = 00:00:11 . Memory (MB): peak = 126.883 ; gain = 40.578
INFO-FLOW: Finish building internal data model.
Command       opt_and_import_c done; 1.494 sec.
Command     elaborate done; 10.089 sec.
Execute     autosyn -from_csynth_design=1 
INFO: [HLS 200-10] Starting hardware synthesis ...
INFO-FLOW: Synthesizing C/C++ design ...
INFO: [HLS 200-10] Synthesizing 'convolve' ...
Execute       ap_set_top_model convolve 
Execute       get_model_list convolve -filter all-wo-channel -topdown 
Execute       preproc_iomode -model convolve 
Execute       preproc_iomode -model img_conv_5x5 
Execute       get_model_list convolve -filter all-wo-channel 
INFO-FLOW: Model list for configure: img_conv_5x5 convolve
INFO-FLOW: Configuring Module : img_conv_5x5 ...
Execute       set_default_model img_conv_5x5 
Execute       apply_spec_resource_limit img_conv_5x5 
INFO-FLOW: Configuring Module : convolve ...
Execute       set_default_model convolve 
Execute       apply_spec_resource_limit convolve 
INFO-FLOW: Model list for preprocess: img_conv_5x5 convolve
INFO-FLOW: Preprocessing Module: img_conv_5x5 ...
Execute       set_default_model img_conv_5x5 
Execute       cdfg_preprocess -model img_conv_5x5 
Execute       rtl_gen_preprocess img_conv_5x5 
INFO-FLOW: Preprocessing Module: convolve ...
Execute       set_default_model convolve 
Execute       cdfg_preprocess -model convolve 
Execute       rtl_gen_preprocess convolve 
INFO-FLOW: Model list for synthesis: img_conv_5x5 convolve
INFO: [HLS 200-10] ----------------------------------------------------------------
INFO: [HLS 200-42] -- Implementing module 'img_conv_5x5' 
INFO: [HLS 200-10] ----------------------------------------------------------------
Execute       set_default_model img_conv_5x5 
Execute       schedule -model img_conv_5x5 
INFO: [SCHED 204-11] Starting scheduling ...
WARNING: [SCHED 204-21] Estimated clock period (11ns) exceeds the target (target clock period: 10ns, clock uncertainty: 1.25ns, effective delay budget: 8.75ns).
WARNING: [SCHED 204-21] The critical path in module 'img_conv_5x5' consists of the following:
	'mul' operation of DSP[99] ('sum44', img_conv_5x5.c:72) [95]  (3.36 ns)
	'add' operation of DSP[99] ('tmp2', img_conv_5x5.c:74) [99]  (3.82 ns)
	'add' operation of DSP[101] ('tmp5', img_conv_5x5.c:74) [101]  (3.82 ns)
INFO: [SCHED 204-11] Finished scheduling.
INFO: [HLS 200-111]  Elapsed time: 11.232 seconds; current allocated memory: 85.752 MB.
Execute       report -o C:/Users/marti/Source/Repos/ElectronicDesignAutomation/AsignmentProj2/solution1/.autopilot/db/img_conv_5x5.verbose.sched.rpt -verbose -f 
INFO: [HLS 200-434] Only 0 loops out of a total 2 loops have been pipelined in this design.
Execute       db_write -o C:/Users/marti/Source/Repos/ElectronicDesignAutomation/AsignmentProj2/solution1/.autopilot/db/img_conv_5x5.sched.adb -f 
INFO-FLOW: Finish scheduling img_conv_5x5.
Execute       set_default_model img_conv_5x5 
Execute       bind -model img_conv_5x5 
BIND OPTION: fu_weight=[ 0.0 -- 1.0 ]
BIND OPTION: model=img_conv_5x5
BIND OPTION: reg_weight=[ 0.0 -- 1.0 ]
INFO: [BIND 205-100] Starting micro-architecture generation ...
INFO: [BIND 205-101] Performing variable lifetime analysis.
INFO: [BIND 205-101] Exploring resource sharing.
INFO: [BIND 205-101] Binding ...
INFO: [BIND 205-100] Finished micro-architecture generation.
INFO: [HLS 200-111]  Elapsed time: 0.143 seconds; current allocated memory: 86.196 MB.
Execute       report -o C:/Users/marti/Source/Repos/ElectronicDesignAutomation/AsignmentProj2/solution1/.autopilot/db/img_conv_5x5.verbose.bind.rpt -verbose -f 
Execute       db_write -o C:/Users/marti/Source/Repos/ElectronicDesignAutomation/AsignmentProj2/solution1/.autopilot/db/img_conv_5x5.bind.adb -f 
INFO-FLOW: Finish binding img_conv_5x5.
INFO: [HLS 200-10] ----------------------------------------------------------------
INFO: [HLS 200-42] -- Implementing module 'convolve' 
INFO: [HLS 200-10] ----------------------------------------------------------------
Execute       set_default_model convolve 
Execute       schedule -model convolve 
INFO: [SCHED 204-11] Starting scheduling ...
INFO: [SCHED 204-11] Finished scheduling.
INFO: [HLS 200-111]  Elapsed time: 0.163 seconds; current allocated memory: 86.298 MB.
Execute       report -o C:/Users/marti/Source/Repos/ElectronicDesignAutomation/AsignmentProj2/solution1/.autopilot/db/convolve.verbose.sched.rpt -verbose -f 
Execute       db_write -o C:/Users/marti/Source/Repos/ElectronicDesignAutomation/AsignmentProj2/solution1/.autopilot/db/convolve.sched.adb -f 
INFO-FLOW: Finish scheduling convolve.
Execute       set_default_model convolve 
Execute       bind -model convolve 
BIND OPTION: fu_weight=[ 0.0 -- 1.0 ]
BIND OPTION: model=convolve
BIND OPTION: reg_weight=[ 0.0 -- 1.0 ]
INFO: [BIND 205-100] Starting micro-architecture generation ...
INFO: [BIND 205-101] Performing variable lifetime analysis.
INFO: [BIND 205-101] Exploring resource sharing.
INFO: [BIND 205-101] Binding ...
INFO: [BIND 205-100] Finished micro-architecture generation.
INFO: [HLS 200-111]  Elapsed time: 0.088 seconds; current allocated memory: 86.357 MB.
Execute       report -o C:/Users/marti/Source/Repos/ElectronicDesignAutomation/AsignmentProj2/solution1/.autopilot/db/convolve.verbose.bind.rpt -verbose -f 
Execute       db_write -o C:/Users/marti/Source/Repos/ElectronicDesignAutomation/AsignmentProj2/solution1/.autopilot/db/convolve.bind.adb -f 
INFO-FLOW: Finish binding convolve.
Execute       get_model_list convolve -filter all-wo-channel 
INFO-FLOW: Preprocessing for RTLGen ...
Execute       rtl_gen_preprocess img_conv_5x5 
Execute       rtl_gen_preprocess convolve 
INFO-FLOW: Model list for RTL generation: img_conv_5x5 convolve
INFO: [HLS 200-10] ----------------------------------------------------------------
INFO: [HLS 200-10] -- Generating RTL for module 'img_conv_5x5' 
INFO: [HLS 200-10] ----------------------------------------------------------------
Execute       get_config_rtl -prefix 
Execute       get_config_rtl -auto_prefix 
Execute       create_rtl_model img_conv_5x5 -vendor xilinx -mg_file C:/Users/marti/Source/Repos/ElectronicDesignAutomation/AsignmentProj2/solution1/.autopilot/db/img_conv_5x5.compgen.tcl 
INFO: [SYN 201-210] Renamed object name 'convolve_mac_muladd_8ns_8s_16s_17_1_1' to 'convolve_mac_mulabkb' due to the length limit 20
INFO: [SYN 201-210] Renamed object name 'convolve_mac_muladd_8ns_8s_17s_18_1_1' to 'convolve_mac_mulacud' due to the length limit 20
INFO: [RTGEN 206-100] Generating core module 'convolve_mac_mulabkb': 2 instance(s).
INFO: [RTGEN 206-100] Generating core module 'convolve_mac_mulacud': 1 instance(s).
INFO: [RTGEN 206-100] Finished creating RTL model for 'img_conv_5x5'.
INFO: [HLS 200-111]  Elapsed time: 0.16 seconds; current allocated memory: 86.950 MB.
Execute       source C:/Users/marti/Source/Repos/ElectronicDesignAutomation/AsignmentProj2/solution1/.autopilot/db/convolve.rtl_wrap.cfg.tcl 
Execute       gen_rtl img_conv_5x5 -style xilinx -tracefl mytrace -tracefmt vcd -traceopt all -f -lang sc -o C:/Users/marti/Source/Repos/ElectronicDesignAutomation/AsignmentProj2/solution1/syn/systemc/img_conv_5x5 -synmodules img_conv_5x5 convolve 
Execute       gen_rtl img_conv_5x5 -style xilinx -f -lang vhdl -o C:/Users/marti/Source/Repos/ElectronicDesignAutomation/AsignmentProj2/solution1/syn/vhdl/img_conv_5x5 
Execute       gen_rtl img_conv_5x5 -style xilinx -f -lang vlog -o C:/Users/marti/Source/Repos/ElectronicDesignAutomation/AsignmentProj2/solution1/syn/verilog/img_conv_5x5 
Execute       gen_tb_info img_conv_5x5 -o C:/Users/marti/Source/Repos/ElectronicDesignAutomation/AsignmentProj2/solution1/.autopilot/db/img_conv_5x5 -p C:/Users/marti/Source/Repos/ElectronicDesignAutomation/AsignmentProj2/solution1/.autopilot/db 
Execute       report -model img_conv_5x5 -o C:/Users/marti/Source/Repos/ElectronicDesignAutomation/AsignmentProj2/solution1/syn/report/img_conv_5x5_csynth.rpt -f 
Execute       report -model img_conv_5x5 -o C:/Users/marti/Source/Repos/ElectronicDesignAutomation/AsignmentProj2/solution1/syn/report/img_conv_5x5_csynth.xml -f -x 
Execute       report -model img_conv_5x5 -o C:/Users/marti/Source/Repos/ElectronicDesignAutomation/AsignmentProj2/solution1/.autopilot/db/img_conv_5x5.verbose.rpt -verbose -f 
Execute       db_write -model img_conv_5x5 -o C:/Users/marti/Source/Repos/ElectronicDesignAutomation/AsignmentProj2/solution1/.autopilot/db/img_conv_5x5.adb -f 
INFO: [HLS 200-10] ----------------------------------------------------------------
INFO: [HLS 200-10] -- Generating RTL for module 'convolve' 
INFO: [HLS 200-10] ----------------------------------------------------------------
Execute       get_config_rtl -prefix 
Execute       get_config_rtl -auto_prefix 
Execute       create_rtl_model convolve -vendor xilinx -mg_file C:/Users/marti/Source/Repos/ElectronicDesignAutomation/AsignmentProj2/solution1/.autopilot/db/convolve.compgen.tcl 
INFO: [RTGEN 206-500] Setting interface mode on function 'convolve' to 'ap_ctrl_hs'.
INFO: [RTGEN 206-100] Finished creating RTL model for 'convolve'.
INFO: [HLS 200-111]  Elapsed time: 0.561 seconds; current allocated memory: 87.358 MB.
Execute       source C:/Users/marti/Source/Repos/ElectronicDesignAutomation/AsignmentProj2/solution1/.autopilot/db/convolve.rtl_wrap.cfg.tcl 
Execute       gen_rtl convolve -istop -style xilinx -tracefl mytrace -tracefmt vcd -traceopt all -f -lang sc -o C:/Users/marti/Source/Repos/ElectronicDesignAutomation/AsignmentProj2/solution1/syn/systemc/convolve -synmodules img_conv_5x5 convolve 
Execute       gen_rtl convolve -istop -style xilinx -f -lang vhdl -o C:/Users/marti/Source/Repos/ElectronicDesignAutomation/AsignmentProj2/solution1/syn/vhdl/convolve 
Execute       gen_rtl convolve -istop -style xilinx -f -lang vlog -o C:/Users/marti/Source/Repos/ElectronicDesignAutomation/AsignmentProj2/solution1/syn/verilog/convolve 
Execute       export_constraint_db -o C:/Users/marti/Source/Repos/ElectronicDesignAutomation/AsignmentProj2/solution1/.autopilot/db/convolve.constraint.tcl -f -tool general 
Execute       report -model convolve -o C:/Users/marti/Source/Repos/ElectronicDesignAutomation/AsignmentProj2/solution1/.autopilot/db/convolve.design.xml -verbose -f -dv 
Execute       report -model convolve -o C:/Users/marti/Source/Repos/ElectronicDesignAutomation/AsignmentProj2/solution1/.autopilot/db/convolve.sdaccel.xml -verbose -f -sdaccel 
Execute       gen_tb_info convolve -o C:/Users/marti/Source/Repos/ElectronicDesignAutomation/AsignmentProj2/solution1/.autopilot/db/convolve -p C:/Users/marti/Source/Repos/ElectronicDesignAutomation/AsignmentProj2/solution1/.autopilot/db 
Execute       report -model convolve -o C:/Users/marti/Source/Repos/ElectronicDesignAutomation/AsignmentProj2/solution1/syn/report/convolve_csynth.rpt -f 
Execute       report -model convolve -o C:/Users/marti/Source/Repos/ElectronicDesignAutomation/AsignmentProj2/solution1/syn/report/convolve_csynth.xml -f -x 
Execute       report -model convolve -o C:/Users/marti/Source/Repos/ElectronicDesignAutomation/AsignmentProj2/solution1/.autopilot/db/convolve.verbose.rpt -verbose -f 
Execute       db_write -model convolve -o C:/Users/marti/Source/Repos/ElectronicDesignAutomation/AsignmentProj2/solution1/.autopilot/db/convolve.adb -f 
Execute       sc_get_clocks convolve 
Execute       get_config_export -vivado_clock 
Execute       sc_get_portdomain convolve 
INFO-FLOW: Model list for RTL component generation: img_conv_5x5 convolve
INFO-FLOW: Handling components in module [img_conv_5x5] ... 
Execute       source C:/Users/marti/Source/Repos/ElectronicDesignAutomation/AsignmentProj2/solution1/.autopilot/db/img_conv_5x5.compgen.tcl 
INFO-FLOW: Found component convolve_mac_mulabkb.
INFO-FLOW: Append model convolve_mac_mulabkb
INFO-FLOW: Found component convolve_mac_mulacud.
INFO-FLOW: Append model convolve_mac_mulacud
INFO-FLOW: Handling components in module [convolve] ... 
Execute       source C:/Users/marti/Source/Repos/ElectronicDesignAutomation/AsignmentProj2/solution1/.autopilot/db/convolve.compgen.tcl 
INFO-FLOW: Found component convolve_inptr.
INFO-FLOW: Append model convolve_inptr
INFO-FLOW: Found component convolve_outptr.
INFO-FLOW: Append model convolve_outptr
INFO-FLOW: Found component convolve_mask.
INFO-FLOW: Append model convolve_mask
INFO-FLOW: Append model img_conv_5x5
INFO-FLOW: Append model convolve
INFO-FLOW: Generating RTL model list ...
INFO-FLOW: All models in this session: convolve_mac_mulabkb convolve_mac_mulacud convolve_inptr convolve_outptr convolve_mask img_conv_5x5 convolve
INFO-FLOW: To file: write model convolve_mac_mulabkb
INFO-FLOW: To file: write model convolve_mac_mulacud
INFO-FLOW: To file: write model convolve_inptr
INFO-FLOW: To file: write model convolve_outptr
INFO-FLOW: To file: write model convolve_mask
INFO-FLOW: To file: write model img_conv_5x5
INFO-FLOW: To file: write model convolve
INFO-FLOW: Finished generating RTL model list.


INFO-FLOW: RTL Generation done.
INFO-FLOW: CAS Generation done.
INFO-FLOW: CBC Generation done.
INFO-FLOW: DBG:CMD: auto_generate_csynth_design
INFO-FLOW: DBG:CMD:     auto_generate --sim-model -phase csynth_design -d C:/Users/marti/Source/Repos/ElectronicDesignAutomation/AsignmentProj2/solution1
Execute       source C:/Users/marti/Source/Repos/ElectronicDesignAutomation/AsignmentProj2/solution1/.autopilot/db/global.setting.tcl 
INFO-FLOW: DBG:CMD: read_platform_lib C:/Users/marti/Source/Repos/ElectronicDesignAutomation/AsignmentProj2/solution1/.autopilot/db/global.setting.tcl
Execute       source G:/Vivadoshizzle/Vivado/2018.3/common/technology/generic/autopilot/common.gen 
Execute         source G:/Vivadoshizzle/Vivado/2018.3/common/technology/generic/autopilot/APCoreGen.gen 
Execute       source G:/Vivadoshizzle/Vivado/2018.3/common/technology/generic/autopilot/op.gen 
Execute       source G:/Vivadoshizzle/Vivado/2018.3/common/technology/generic/autopilot/op_simcore.gen 
Execute       source G:/Vivadoshizzle/Vivado/2018.3/common/technology/generic/autopilot/interface.gen 
Execute       source C:/Users/marti/Source/Repos/ElectronicDesignAutomation/AsignmentProj2/solution1/.autopilot/db/global.setting.tcl 
Execute       source G:/Vivadoshizzle/Vivado/2018.3/common/technology/xilinx/azynq/azynq.gen 
Execute         source G:/Vivadoshizzle/Vivado/2018.3/common/technology/xilinx/common/virtex.gen 
Execute           source G:/Vivadoshizzle/Vivado/2018.3/common/technology/xilinx/common/xilinx.gen 
Execute             source G:/Vivadoshizzle/Vivado/2018.3/common/technology/xilinx/interface/plb46.gen 
Execute             source G:/Vivadoshizzle/Vivado/2018.3/common/technology/xilinx/interface/fsl.gen 
Execute             source G:/Vivadoshizzle/Vivado/2018.3/common/technology/xilinx/interface/axi4.gen 
Execute             source G:/Vivadoshizzle/Vivado/2018.3/common/technology/xilinx/interface/nativeAXI4.gen 
Execute               source G:/Vivadoshizzle/Vivado/2018.3/common/technology/xilinx/interface/saxilite.gen 
Execute               source G:/Vivadoshizzle/Vivado/2018.3/common/technology/xilinx/interface/maxi.gen 
Execute             source G:/Vivadoshizzle/Vivado/2018.3/common/technology/xilinx/scripts/xilinxcoregen.gen 
Execute             source G:/Vivadoshizzle/Vivado/2018.3/common/technology/xilinx/interface/XilEDKCoreGen.gen 
Execute             source G:/Vivadoshizzle/Vivado/2018.3/common/technology/xilinx/ip/dds_compiler.gen 
Execute             source G:/Vivadoshizzle/Vivado/2018.3/common/technology/xilinx/ip/util.gen 
Execute             source G:/Vivadoshizzle/Vivado/2018.3/common/technology/xilinx/ip/xfft.gen 
Execute             source G:/Vivadoshizzle/Vivado/2018.3/common/technology/xilinx/ip/xfir.gen 
Command           ap_source done; 0.137 sec.
Execute           source G:/Vivadoshizzle/Vivado/2018.3/common/technology/xilinx/common/dsp48.gen 
Command         ap_source done; 0.14 sec.
Command       ap_source done; 0.14 sec.
Execute       source G:/Vivadoshizzle/Vivado/2018.3/common/technology/xilinx/azynq/azynq_fpv6.gen 
Execute         source G:/Vivadoshizzle/Vivado/2018.3/common/technology/xilinx/common/xilinx_fpv6.gen 
INFO-FLOW: DBG:CMD:   using AESL_AUTOCG::g_clock_period=10.000 (was NA)
INFO-FLOW: DBG:CMD:       generate_ip_cores sim=1 export=0 expOnly=0 dstVlogDir=syn/verilog
Execute       source C:/Users/marti/Source/Repos/ElectronicDesignAutomation/AsignmentProj2/solution1/.autopilot/db/global.setting.tcl 
Execute       source C:/Users/marti/Source/Repos/ElectronicDesignAutomation/AsignmentProj2/solution1/.autopilot/db/global.setting.tcl 
Execute       source C:/Users/marti/Source/Repos/ElectronicDesignAutomation/AsignmentProj2/solution1/.autopilot/db/global.setting.tcl 
Execute       source C:/Users/marti/Source/Repos/ElectronicDesignAutomation/AsignmentProj2/solution1/.autopilot/db/img_conv_5x5.compgen.tcl 
Command       ap_source done; 0.11 sec.
Execute       source C:/Users/marti/Source/Repos/ElectronicDesignAutomation/AsignmentProj2/solution1/.autopilot/db/convolve.compgen.tcl 
WARNING: [RTMG 210-274] Memory 'convolve_inptr' is read-only, switch it to a ROM.
INFO: [RTMG 210-279] Implementing memory 'convolve_inptr_rom' using block ROMs.
INFO: [RTMG 210-278] Implementing memory 'convolve_outptr_ram (RAM)' using distributed RAMs.
WARNING: [RTMG 210-274] Memory 'convolve_mask' is read-only, switch it to a ROM.
INFO: [RTMG 210-279] Implementing memory 'convolve_mask_rom' using distributed ROMs.
Command       ap_source done; 0.183 sec.
INFO-FLOW: DBG:CMD:     auto_generate -export -impltomg_flag -rtl both -tool Vivado -pcore_version 1.00.a -phase csynth_design -d C:/Users/marti/Source/Repos/ElectronicDesignAutomation/AsignmentProj2/solution1
Execute       source C:/Users/marti/Source/Repos/ElectronicDesignAutomation/AsignmentProj2/solution1/.autopilot/db/global.setting.tcl 
INFO-FLOW: DBG:CMD: read_platform_lib C:/Users/marti/Source/Repos/ElectronicDesignAutomation/AsignmentProj2/solution1/.autopilot/db/global.setting.tcl
Execute       source G:/Vivadoshizzle/Vivado/2018.3/common/technology/generic/autopilot/common.gen 
Execute         source G:/Vivadoshizzle/Vivado/2018.3/common/technology/generic/autopilot/APCoreGen.gen 
Execute       source G:/Vivadoshizzle/Vivado/2018.3/common/technology/generic/autopilot/op.gen 
Execute       source G:/Vivadoshizzle/Vivado/2018.3/common/technology/generic/autopilot/op_simcore.gen 
Execute       source G:/Vivadoshizzle/Vivado/2018.3/common/technology/generic/autopilot/interface.gen 
Execute       source C:/Users/marti/Source/Repos/ElectronicDesignAutomation/AsignmentProj2/solution1/.autopilot/db/global.setting.tcl 
Execute       source G:/Vivadoshizzle/Vivado/2018.3/common/technology/xilinx/azynq/azynq.gen 
Execute         source G:/Vivadoshizzle/Vivado/2018.3/common/technology/xilinx/common/virtex.gen 
Execute           source G:/Vivadoshizzle/Vivado/2018.3/common/technology/xilinx/common/xilinx.gen 
Execute             source G:/Vivadoshizzle/Vivado/2018.3/common/technology/xilinx/interface/plb46.gen 
Execute             source G:/Vivadoshizzle/Vivado/2018.3/common/technology/xilinx/interface/fsl.gen 
Execute             source G:/Vivadoshizzle/Vivado/2018.3/common/technology/xilinx/interface/axi4.gen 
Execute             source G:/Vivadoshizzle/Vivado/2018.3/common/technology/xilinx/interface/nativeAXI4.gen 
Execute               source G:/Vivadoshizzle/Vivado/2018.3/common/technology/xilinx/interface/saxilite.gen 
Execute               source G:/Vivadoshizzle/Vivado/2018.3/common/technology/xilinx/interface/maxi.gen 
Execute             source G:/Vivadoshizzle/Vivado/2018.3/common/technology/xilinx/scripts/xilinxcoregen.gen 
Execute             source G:/Vivadoshizzle/Vivado/2018.3/common/technology/xilinx/interface/XilEDKCoreGen.gen 
Execute             source G:/Vivadoshizzle/Vivado/2018.3/common/technology/xilinx/ip/dds_compiler.gen 
Execute             source G:/Vivadoshizzle/Vivado/2018.3/common/technology/xilinx/ip/util.gen 
Execute             source G:/Vivadoshizzle/Vivado/2018.3/common/technology/xilinx/ip/xfft.gen 
Execute             source G:/Vivadoshizzle/Vivado/2018.3/common/technology/xilinx/ip/xfir.gen 
Command           ap_source done; 0.142 sec.
Execute           source G:/Vivadoshizzle/Vivado/2018.3/common/technology/xilinx/common/dsp48.gen 
Command         ap_source done; 0.145 sec.
Command       ap_source done; 0.145 sec.
Execute       source G:/Vivadoshizzle/Vivado/2018.3/common/technology/xilinx/azynq/azynq_fpv6.gen 
Execute         source G:/Vivadoshizzle/Vivado/2018.3/common/technology/xilinx/common/xilinx_fpv6.gen 
INFO-FLOW: DBG:CMD:       initCTypeInfo top_module=convolve xml_exists=0
Execute       source C:/Users/marti/Source/Repos/ElectronicDesignAutomation/AsignmentProj2/solution1/.autopilot/db/convolve.rtl_wrap.cfg.tcl 
Execute       source C:/Users/marti/Source/Repos/ElectronicDesignAutomation/AsignmentProj2/solution1/.autopilot/db/convolve.rtl_wrap.cfg.tcl 
Execute       source C:/Users/marti/Source/Repos/ElectronicDesignAutomation/AsignmentProj2/solution1/.autopilot/db/convolve.rtl_wrap.cfg.tcl 
Execute       source C:/Users/marti/Source/Repos/ElectronicDesignAutomation/AsignmentProj2/solution1/.autopilot/db/convolve.tbgen.tcl 
Execute       source C:/Users/marti/Source/Repos/ElectronicDesignAutomation/AsignmentProj2/solution1/.autopilot/db/convolve.tbgen.tcl 
INFO-FLOW: DBG:CMD:       export_impl_rtl
INFO-FLOW: DBG:CMD:       generate_ip_cores sim=0 export=0 expOnly=0 dstVlogDir=impl/.verilog
Execute       source C:/Users/marti/Source/Repos/ElectronicDesignAutomation/AsignmentProj2/solution1/.autopilot/db/global.setting.tcl 
Execute       source C:/Users/marti/Source/Repos/ElectronicDesignAutomation/AsignmentProj2/solution1/.autopilot/db/img_conv_5x5.compgen.tcl 
Execute       source C:/Users/marti/Source/Repos/ElectronicDesignAutomation/AsignmentProj2/solution1/.autopilot/db/convolve.compgen.tcl 
INFO-FLOW: DBG:CMD:       generate_ip_cores sim=0 export=1 expOnly=1 dstVlogDir=impl/.pcores/verilog
Execute       source C:/Users/marti/Source/Repos/ElectronicDesignAutomation/AsignmentProj2/solution1/.autopilot/db/global.setting.tcl 
Execute       source C:/Users/marti/Source/Repos/ElectronicDesignAutomation/AsignmentProj2/solution1/.autopilot/db/img_conv_5x5.compgen.tcl 
Execute       source C:/Users/marti/Source/Repos/ElectronicDesignAutomation/AsignmentProj2/solution1/.autopilot/db/convolve.compgen.tcl 
INFO-FLOW: DBG:CMD:       generate_ip_cores sim=0 export=0 expOnly=0 dstVlogDir=impl/.pcores/verilog_sim
Execute       source C:/Users/marti/Source/Repos/ElectronicDesignAutomation/AsignmentProj2/solution1/.autopilot/db/global.setting.tcl 
Execute       source C:/Users/marti/Source/Repos/ElectronicDesignAutomation/AsignmentProj2/solution1/.autopilot/db/img_conv_5x5.compgen.tcl 
Execute       source C:/Users/marti/Source/Repos/ElectronicDesignAutomation/AsignmentProj2/solution1/.autopilot/db/convolve.compgen.tcl 
Execute       source C:/Users/marti/Source/Repos/ElectronicDesignAutomation/AsignmentProj2/solution1/.autopilot/db/global.setting.tcl 
Execute       source C:/Users/marti/Source/Repos/ElectronicDesignAutomation/AsignmentProj2/solution1/.autopilot/db/convolve.constraint.tcl 
Execute       source C:/Users/marti/Source/Repos/ElectronicDesignAutomation/AsignmentProj2/solution1/.autopilot/db/convolve.tbgen.tcl 
INFO-FLOW: DBG:CMD:       hasPcoreIpAdapter=false #gSsdmPorts=2
INFO-FLOW: DBG:CMD:       prepArgInfo -> loadAnalyze_DB top_module=convolve
Execute       source C:/Users/marti/Source/Repos/ElectronicDesignAutomation/AsignmentProj2/solution1/.autopilot/db/convolve.rtl_wrap.cfg.tcl 
Execute       source C:/Users/marti/Source/Repos/ElectronicDesignAutomation/AsignmentProj2/solution1/.autopilot/db/convolve.rtl_wrap.cfg.tcl 
Execute       source C:/Users/marti/Source/Repos/ElectronicDesignAutomation/AsignmentProj2/solution1/.autopilot/db/convolve.rtl_wrap.cfg.tcl 
Execute       source C:/Users/marti/Source/Repos/ElectronicDesignAutomation/AsignmentProj2/solution1/.autopilot/db/convolve.tbgen.tcl 
Execute       source C:/Users/marti/Source/Repos/ElectronicDesignAutomation/AsignmentProj2/solution1/.autopilot/db/convolve.tbgen.tcl 
INFO-FLOW: DBG:CMD:       generate_json is_phase_csynth=1 g_has_adaptors=false generate_bd_files=0 #modelList=7 #gSsdmPorts=2
Execute       source C:/Users/marti/Source/Repos/ElectronicDesignAutomation/AsignmentProj2/solution1/.autopilot/db/global.setting.tcl 
Execute       source C:/Users/marti/Source/Repos/ElectronicDesignAutomation/AsignmentProj2/solution1/.autopilot/db/global.setting.tcl 
Execute       source C:/Users/marti/Source/Repos/ElectronicDesignAutomation/AsignmentProj2/solution1/.autopilot/db/convolve.tbgen.tcl 
Execute       source C:/Users/marti/Source/Repos/ElectronicDesignAutomation/AsignmentProj2/solution1/.autopilot/db/global.setting.tcl 
Execute       get_config_sdx -target 
Execute       get_config_export -xo 
Execute       source C:/Users/marti/Source/Repos/ElectronicDesignAutomation/AsignmentProj2/solution1/.autopilot/db/global.setting.tcl 
Execute       source C:/Users/marti/Source/Repos/ElectronicDesignAutomation/AsignmentProj2/solution1/.autopilot/db/convolve.constraint.tcl 
Execute       sc_get_clocks convolve 
Execute       source C:/Users/marti/Source/Repos/ElectronicDesignAutomation/AsignmentProj2/solution1/.autopilot/db/global.setting.tcl 
Execute       get_config_sdx -target 
Execute       get_config_sdx -profile 
Execute       ::config_rtl 
INFO-FLOW: DBG:CMD: add_json_sdx_info kernel file does not exist: C:/Users/marti/Source/Repos/ElectronicDesignAutomation/AsignmentProj2/solution1/.autopilot/db/kernel.internal.xml
INFO-FLOW: DBG:CMD:       delete-temp-dirs (skipped for debug)
INFO: [HLS 200-111] Finished generating all RTL models Time (s): cpu = 00:00:02 ; elapsed = 00:00:14 . Memory (MB): peak = 137.859 ; gain = 51.555
INFO: [SYSC 207-301] Generating SystemC RTL for convolve.
INFO: [VHDL 208-304] Generating VHDL RTL for convolve.
INFO: [VLOG 209-307] Generating Verilog RTL for convolve.
Command     autosyn done; 3.039 sec.
Execute     get_part 
Execute     get_config_export -sdx_tcl 
Command   csynth_design done; 13.157 sec.
Command ap_source done; 13.544 sec.
Execute cleanup_all 
